{
"contracts\\auction\\AuctionDanishEngine.sol":{"l":{"36":0,"37":0,"38":0,"39":0,"42":0,"43":0,"44":0,"47":0,"48":0,"49":0,"50":0,"51":0,"52":0,"53":0,"55":0,"59":0,"63":0,"64":0,"66":0,"67":0,"68":0,"70":0,"74":0,"75":0,"76":0,"79":0,"80":0,"83":0,"94":0,"96":0,"100":0,"102":0,"103":0,"104":0,"106":0,"107":0,"109":0,"113":0,"115":0,"116":0,"118":0,"122":0,"126":0,"130":0,"131":0,"132":0,"133":0,"134":0,"138":0,"139":0},"path":"C:\\Users\\Acer\\Desktop\\Remix\\contracts\\auction\\AuctionDanishEngine.sol","s":{"1":0,"2":0,"3":0,"4":0,"5":0,"6":0,"7":0,"8":0,"9":0,"10":0,"11":0,"12":0,"13":0,"14":0,"15":0,"16":0,"17":0,"18":0,"19":0,"20":0,"21":0,"22":0,"23":0,"24":0,"25":0,"26":0,"27":0,"28":0,"29":0,"30":0,"31":0,"32":0,"33":0,"34":0,"35":0,"36":0,"37":0},"b":{"1":[0,0],"2":[0,0],"3":[0,0],"4":[0,0],"5":[0,0],"6":[0,0],"7":[0,0],"8":[0,0],"9":[0,0],"10":[0,0],"11":[0,0],"12":[0,0],"13":[0,0],"14":[0,0],"15":[0,0],"16":[0,0],"17":[0,0],"18":[0,0],"19":[0,0],"20":[0,0]},"f":{"1":0,"2":0,"3":0,"4":0,"5":0,"6":0,"7":0,"8":0,"9":0,"10":0},"fnMap":{"1":{"name":"constructor","line":33,"loc":{"start":{"line":33,"column":4},"end":{"line":33,"column":39}}},"2":{"name":"buy","line":35,"loc":{"start":{"line":35,"column":4},"end":{"line":60,"column":4}}},"3":{"name":"withdrawFees","line":62,"loc":{"start":{"line":62,"column":4},"end":{"line":71,"column":4}}},"4":{"name":"createAuction","line":73,"loc":{"start":{"line":73,"column":4},"end":{"line":97,"column":4}}},"5":{"name":"cancelAuction","line":99,"loc":{"start":{"line":99,"column":4},"end":{"line":110,"column":4}}},"6":{"name":"setStartingPriceLimits","line":112,"loc":{"start":{"line":112,"column":4},"end":{"line":119,"column":4}}},"7":{"name":"pause","line":121,"loc":{"start":{"line":121,"column":4},"end":{"line":123,"column":4}}},"8":{"name":"unpause","line":125,"loc":{"start":{"line":125,"column":4},"end":{"line":127,"column":4}}},"9":{"name":"getPriceFor","line":129,"loc":{"start":{"line":129,"column":4},"end":{"line":135,"column":4}}},"10":{"name":"_requireNotStopped","line":137,"loc":{"start":{"line":137,"column":4},"end":{"line":141,"column":4}}}},"statementMap":{"1":{"start":{"line":36,"column":8},"end":{"line":36,"column":50}},"2":{"start":{"line":37,"column":8},"end":{"line":37,"column":35}},"3":{"start":{"line":38,"column":8},"end":{"line":38,"column":1308}},"4":{"start":{"line":42,"column":8},"end":{"line":42,"column":43}},"5":{"start":{"line":43,"column":8},"end":{"line":43,"column":1461}},"6":{"start":{"line":49,"column":8},"end":{"line":49,"column":43}},"7":{"start":{"line":50,"column":8},"end":{"line":50,"column":50}},"8":{"start":{"line":52,"column":8},"end":{"line":52,"column":1758}},"9":{"start":{"line":53,"column":12},"end":{"line":53,"column":47}},"10":{"start":{"line":55,"column":8},"end":{"line":55,"column":1846}},"11":{"start":{"line":59,"column":8},"end":{"line":59,"column":52}},"12":{"start":{"line":63,"column":8},"end":{"line":63,"column":40}},"13":{"start":{"line":64,"column":8},"end":{"line":64,"column":50}},"14":{"start":{"line":67,"column":8},"end":{"line":67,"column":69}},"15":{"start":{"line":68,"column":8},"end":{"line":68,"column":23}},"16":{"start":{"line":70,"column":8},"end":{"line":70,"column":46}},"17":{"start":{"line":74,"column":8},"end":{"line":74,"column":64}},"18":{"start":{"line":75,"column":8},"end":{"line":75,"column":2606}},"19":{"start":{"line":79,"column":8},"end":{"line":79,"column":2723}},"20":{"start":{"line":83,"column":8},"end":{"line":83,"column":2872}},"21":{"start":{"line":94,"column":8},"end":{"line":94,"column":32}},"22":{"start":{"line":96,"column":8},"end":{"line":96,"column":81}},"23":{"start":{"line":100,"column":8},"end":{"line":100,"column":49}},"24":{"start":{"line":102,"column":8},"end":{"line":102,"column":60}},"25":{"start":{"line":103,"column":8},"end":{"line":103,"column":52}},"26":{"start":{"line":104,"column":8},"end":{"line":104,"column":75}},"27":{"start":{"line":109,"column":8},"end":{"line":109,"column":37}},"28":{"start":{"line":113,"column":8},"end":{"line":113,"column":52}},"29":{"start":{"line":118,"column":8},"end":{"line":118,"column":51}},"30":{"start":{"line":122,"column":8},"end":{"line":122,"column":15}},"31":{"start":{"line":126,"column":8},"end":{"line":126,"column":17}},"32":{"start":{"line":130,"column":8},"end":{"line":130,"column":50}},"33":{"start":{"line":131,"column":8},"end":{"line":131,"column":35}},"34":{"start":{"line":132,"column":8},"end":{"line":132,"column":60}},"35":{"start":{"line":133,"column":8},"end":{"line":133,"column":58}},"36":{"start":{"line":134,"column":8},"end":{"line":134,"column":48}},"37":{"start":{"line":138,"column":8},"end":{"line":138,"column":4668}}},"branchMap":{"1":{"line":35,"type":"if","locations":[{"start":{"line":35,"column":49},"end":{"line":35,"column":49}},{"start":{"line":35,"column":49},"end":{"line":35,"column":49}}]},"2":{"line":38,"type":"if","locations":[{"start":{"line":38,"column":8},"end":{"line":38,"column":8}},{"start":{"line":38,"column":8},"end":{"line":38,"column":8}}]},"3":{"line":43,"type":"if","locations":[{"start":{"line":43,"column":8},"end":{"line":43,"column":8}},{"start":{"line":43,"column":8},"end":{"line":43,"column":8}}]},"4":{"line":52,"type":"if","locations":[{"start":{"line":52,"column":8},"end":{"line":52,"column":8}},{"start":{"line":52,"column":8},"end":{"line":52,"column":8}}]},"5":{"line":62,"type":"if","locations":[{"start":{"line":62,"column":37},"end":{"line":62,"column":37}},{"start":{"line":62,"column":37},"end":{"line":62,"column":37}}]},"6":{"line":64,"type":"if","locations":[{"start":{"line":64,"column":8},"end":{"line":64,"column":8}},{"start":{"line":64,"column":8},"end":{"line":64,"column":8}}]},"7":{"line":68,"type":"if","locations":[{"start":{"line":68,"column":8},"end":{"line":68,"column":8}},{"start":{"line":68,"column":8},"end":{"line":68,"column":8}}]},"8":{"line":73,"type":"if","locations":[{"start":{"line":73,"column":125},"end":{"line":73,"column":125}},{"start":{"line":73,"column":125},"end":{"line":73,"column":125}}]},"9":{"line":74,"type":"if","locations":[{"start":{"line":74,"column":44},"end":{"line":74,"column":51}},{"start":{"line":74,"column":55},"end":{"line":74,"column":63}}]},"10":{"line":75,"type":"if","locations":[{"start":{"line":75,"column":8},"end":{"line":75,"column":8}},{"start":{"line":75,"column":8},"end":{"line":75,"column":8}}]},"11":{"line":79,"type":"if","locations":[{"start":{"line":79,"column":8},"end":{"line":79,"column":8}},{"start":{"line":79,"column":8},"end":{"line":79,"column":8}}]},"12":{"line":79,"type":"cond-expr","locations":[{"start":{"line":79,"column":12},"end":{"line":79,"column":44}},{"start":{"line":79,"column":49},"end":{"line":79,"column":81}}]},"13":{"line":102,"type":"if","locations":[{"start":{"line":102,"column":8},"end":{"line":102,"column":8}},{"start":{"line":102,"column":8},"end":{"line":102,"column":8}}]},"14":{"line":103,"type":"if","locations":[{"start":{"line":103,"column":8},"end":{"line":103,"column":8}},{"start":{"line":103,"column":8},"end":{"line":103,"column":8}}]},"15":{"line":104,"type":"if","locations":[{"start":{"line":104,"column":8},"end":{"line":104,"column":8}},{"start":{"line":104,"column":8},"end":{"line":104,"column":8}}]},"16":{"line":112,"type":"if","locations":[{"start":{"line":112,"column":73},"end":{"line":112,"column":73}},{"start":{"line":112,"column":73},"end":{"line":112,"column":73}}]},"17":{"line":113,"type":"if","locations":[{"start":{"line":113,"column":8},"end":{"line":113,"column":8}},{"start":{"line":113,"column":8},"end":{"line":113,"column":8}}]},"18":{"line":121,"type":"if","locations":[{"start":{"line":121,"column":30},"end":{"line":121,"column":30}},{"start":{"line":121,"column":30},"end":{"line":121,"column":30}}]},"19":{"line":125,"type":"if","locations":[{"start":{"line":125,"column":32},"end":{"line":125,"column":32}},{"start":{"line":125,"column":32},"end":{"line":125,"column":32}}]},"20":{"line":138,"type":"if","locations":[{"start":{"line":138,"column":8},"end":{"line":138,"column":8}},{"start":{"line":138,"column":8},"end":{"line":138,"column":8}}]}}},
"contracts\\auction\\IAuctionDanishEngine.sol":{"l":{},"path":"C:\\Users\\Acer\\Desktop\\Remix\\contracts\\auction\\IAuctionDanishEngine.sol","s":{},"b":{},"f":{},"fnMap":{},"statementMap":{},"branchMap":{}},
"contracts\\demo\\Basic.sol":{"l":{"10":0,"15":0,"19":0,"20":0,"22":0},"path":"C:\\Users\\Acer\\Desktop\\Remix\\contracts\\demo\\Basic.sol","s":{"1":0,"2":0,"3":0},"b":{},"f":{"1":0,"2":0,"3":0},"fnMap":{"1":{"name":"constructor","line":9,"loc":{"start":{"line":9,"column":4},"end":{"line":11,"column":4}}},"2":{"name":"payForItem","line":13,"loc":{"start":{"line":13,"column":4},"end":{"line":16,"column":4}}},"3":{"name":"withdrawAll","line":18,"loc":{"start":{"line":18,"column":4},"end":{"line":24,"column":4}}}},"statementMap":{"1":{"start":{"line":19,"column":8},"end":{"line":19,"column":45}},"2":{"start":{"line":20,"column":8},"end":{"line":20,"column":46}},"3":{"start":{"line":22,"column":8},"end":{"line":22,"column":42}}},"branchMap":{}},
"contracts\\demo\\Demo_2.sol":{"l":{"9":0,"10":0},"path":"C:\\Users\\Acer\\Desktop\\Remix\\contracts\\demo\\Demo_2.sol","s":{},"b":{},"f":{"1":0},"fnMap":{"1":{"name":"inc","line":8,"loc":{"start":{"line":8,"column":4},"end":{"line":13,"column":4}}}},"statementMap":{},"branchMap":{}},
"contracts\\demo\\Demo_3.sol":{"l":{"12":0,"16":0,"17":0,"20":0,"26":0,"27":0},"path":"C:\\Users\\Acer\\Desktop\\Remix\\contracts\\demo\\Demo_3.sol","s":{"1":0,"2":0,"3":0,"4":0},"b":{},"f":{"1":0,"2":0,"3":0,"4":0},"fnMap":{"1":{"name":"receiveFunds","line":11,"loc":{"start":{"line":11,"column":4},"end":{"line":13,"column":4}}},"2":{"name":"transferTo","line":15,"loc":{"start":{"line":15,"column":4},"end":{"line":18,"column":4}}},"3":{"name":"getBalance","line":19,"loc":{"start":{"line":19,"column":4},"end":{"line":21,"column":4}}},"4":{"name":"demo","line":25,"loc":{"start":{"line":25,"column":4},"end":{"line":28,"column":4}}}},"statementMap":{"1":{"start":{"line":16,"column":8},"end":{"line":16,"column":49}},"2":{"start":{"line":17,"column":8},"end":{"line":17,"column":27}},"3":{"start":{"line":20,"column":8},"end":{"line":20,"column":33}},"4":{"start":{"line":26,"column":8},"end":{"line":26,"column":40}}},"branchMap":{}},
"contracts\\demo\\Demo_4.sol":{"l":{"23":0,"27":0,"28":0,"30":0,"37":0},"path":"C:\\Users\\Acer\\Desktop\\Remix\\contracts\\demo\\Demo_4.sol","s":{"1":0,"2":0,"3":0},"b":{},"f":{"1":0,"2":0},"fnMap":{"1":{"name":"getPayment","line":22,"loc":{"start":{"line":22,"column":4},"end":{"line":24,"column":4}}},"2":{"name":"pay","line":26,"loc":{"start":{"line":26,"column":4},"end":{"line":38,"column":4}}}},"statementMap":{"1":{"start":{"line":23,"column":8},"end":{"line":23,"column":47}},"2":{"start":{"line":27,"column":8},"end":{"line":27,"column":60}},"3":{"start":{"line":30,"column":8},"end":{"line":30,"column":715}}},"branchMap":{}},
"contracts\\demo\\Demo_7.sol":{"l":{"14":0,"18":0,"22":0,"26":0,"27":0,"28":0,"40":0},"path":"C:\\Users\\Acer\\Desktop\\Remix\\contracts\\demo\\Demo_7.sol","s":{"1":0,"2":0,"3":0,"4":0},"b":{"1":[0,0],"2":[0,0],"3":[0,0]},"f":{"1":0,"2":0,"3":0,"4":0},"fnMap":{"1":{"name":"constructor","line":13,"loc":{"start":{"line":13,"column":4},"end":{"line":15,"column":4}}},"2":{"name":"pay","line":21,"loc":{"start":{"line":21,"column":4},"end":{"line":23,"column":4}}},"3":{"name":"onlyOwner","line":25,"loc":{"start":{"line":25,"column":4},"end":{"line":30,"column":4}}},"4":{"name":"withdraw","line":32,"loc":{"start":{"line":32,"column":4},"end":{"line":41,"column":4}}}},"statementMap":{"1":{"start":{"line":22,"column":8},"end":{"line":22,"column":57}},"2":{"start":{"line":26,"column":8},"end":{"line":26,"column":60}},"3":{"start":{"line":27,"column":8},"end":{"line":27,"column":54}},"4":{"start":{"line":40,"column":8},"end":{"line":40,"column":42}}},"branchMap":{"1":{"line":26,"type":"if","locations":[{"start":{"line":26,"column":8},"end":{"line":26,"column":8}},{"start":{"line":26,"column":8},"end":{"line":26,"column":8}}]},"2":{"line":27,"type":"if","locations":[{"start":{"line":27,"column":8},"end":{"line":27,"column":8}},{"start":{"line":27,"column":8},"end":{"line":27,"column":8}}]},"3":{"line":32,"type":"if","locations":[{"start":{"line":32,"column":52},"end":{"line":32,"column":52}},{"start":{"line":32,"column":52},"end":{"line":32,"column":52}}]}}},
"contracts\\demo\\Demo1.sol":{"l":{"12":0,"16":0,"20":0,"21":0,"22":0},"path":"C:\\Users\\Acer\\Desktop\\Remix\\contracts\\demo\\Demo1.sol","s":{"1":0,"2":0,"3":0},"b":{},"f":{"1":0,"2":0,"3":0},"fnMap":{"1":{"name":"constructor","line":11,"loc":{"start":{"line":11,"column":0},"end":{"line":13,"column":0}}},"2":{"name":"payForItem","line":15,"loc":{"start":{"line":15,"column":0},"end":{"line":17,"column":0}}},"3":{"name":"withdrawAll","line":19,"loc":{"start":{"line":19,"column":0},"end":{"line":23,"column":0}}}},"statementMap":{"1":{"start":{"line":20,"column":4},"end":{"line":20,"column":40}},"2":{"start":{"line":21,"column":4},"end":{"line":21,"column":41}},"3":{"start":{"line":22,"column":4},"end":{"line":22,"column":38}}},"branchMap":{}},
"contracts\\demo\\Demo11 copy.sol":{"l":{"9":0,"13":0,"22":0,"25":0,"26":0},"path":"C:\\Users\\Acer\\Desktop\\Remix\\contracts\\demo\\Demo11 copy.sol","s":{"1":0,"2":0,"3":0,"4":0},"b":{"1":[0,0],"2":[0,0],"3":[0,0],"4":[0,0]},"f":{"1":0,"2":0,"3":0,"4":0},"fnMap":{"1":{"name":"getBalance","line":8,"loc":{"start":{"line":8,"column":4},"end":{"line":10,"column":4}}},"2":{"name":"withdraw","line":12,"loc":{"start":{"line":12,"column":4},"end":{"line":14,"column":4}}},"3":{"name":"constructor","line":21,"loc":{"start":{"line":21,"column":4},"end":{"line":23,"column":0}}},"4":{"name":"withdraw","line":24,"loc":{"start":{"line":24,"column":5},"end":{"line":27,"column":4}}}},"statementMap":{"1":{"start":{"line":9,"column":8},"end":{"line":9,"column":36}},"2":{"start":{"line":13,"column":8},"end":{"line":13,"column":33}},"3":{"start":{"line":25,"column":8},"end":{"line":25,"column":46}},"4":{"start":{"line":26,"column":8},"end":{"line":26,"column":26}}},"branchMap":{"1":{"line":8,"type":"if","locations":[{"start":{"line":8,"column":38},"end":{"line":8,"column":38}},{"start":{"line":8,"column":38},"end":{"line":8,"column":38}}]},"2":{"line":12,"type":"if","locations":[{"start":{"line":12,"column":67},"end":{"line":12,"column":67}},{"start":{"line":12,"column":67},"end":{"line":12,"column":67}}]},"3":{"line":24,"type":"if","locations":[{"start":{"line":24,"column":79},"end":{"line":24,"column":79}},{"start":{"line":24,"column":79},"end":{"line":24,"column":79}}]},"4":{"line":25,"type":"if","locations":[{"start":{"line":25,"column":8},"end":{"line":25,"column":8}},{"start":{"line":25,"column":8},"end":{"line":25,"column":8}}]}}},
"contracts\\demo\\Demo11.sol":{"l":{"9":0,"13":0,"22":0,"25":0,"26":0},"path":"C:\\Users\\Acer\\Desktop\\Remix\\contracts\\demo\\Demo11.sol","s":{"1":0,"2":0,"3":0,"4":0},"b":{"1":[0,0],"2":[0,0],"3":[0,0],"4":[0,0]},"f":{"1":0,"2":0,"3":0,"4":0},"fnMap":{"1":{"name":"getBalance","line":8,"loc":{"start":{"line":8,"column":4},"end":{"line":10,"column":4}}},"2":{"name":"withdraw","line":12,"loc":{"start":{"line":12,"column":4},"end":{"line":14,"column":4}}},"3":{"name":"constructor","line":21,"loc":{"start":{"line":21,"column":4},"end":{"line":23,"column":0}}},"4":{"name":"withdraw","line":24,"loc":{"start":{"line":24,"column":5},"end":{"line":27,"column":4}}}},"statementMap":{"1":{"start":{"line":9,"column":8},"end":{"line":9,"column":36}},"2":{"start":{"line":13,"column":8},"end":{"line":13,"column":33}},"3":{"start":{"line":25,"column":8},"end":{"line":25,"column":46}},"4":{"start":{"line":26,"column":8},"end":{"line":26,"column":26}}},"branchMap":{"1":{"line":8,"type":"if","locations":[{"start":{"line":8,"column":38},"end":{"line":8,"column":38}},{"start":{"line":8,"column":38},"end":{"line":8,"column":38}}]},"2":{"line":12,"type":"if","locations":[{"start":{"line":12,"column":67},"end":{"line":12,"column":67}},{"start":{"line":12,"column":67},"end":{"line":12,"column":67}}]},"3":{"line":24,"type":"if","locations":[{"start":{"line":24,"column":79},"end":{"line":24,"column":79}},{"start":{"line":24,"column":79},"end":{"line":24,"column":79}}]},"4":{"line":25,"type":"if","locations":[{"start":{"line":25,"column":8},"end":{"line":25,"column":8}},{"start":{"line":25,"column":8},"end":{"line":25,"column":8}}]}}},
"contracts\\demo\\Demo12.sol":{"l":{"12":0,"16":0,"20":0},"path":"C:\\Users\\Acer\\Desktop\\Remix\\contracts\\demo\\Demo12.sol","s":{"1":0},"b":{},"f":{"1":0,"2":0},"fnMap":{"1":{"name":"constructor","line":11,"loc":{"start":{"line":11,"column":4},"end":{"line":13,"column":4}}},"2":{"name":"payments","line":15,"loc":{"start":{"line":15,"column":4},"end":{"line":17,"column":4}}}},"statementMap":{"1":{"start":{"line":16,"column":8},"end":{"line":16,"column":46}}},"branchMap":{}},
"contracts\\demo\\Demo6.sol":{"l":{"23":0,"28":0,"37":0,"38":0,"42":0,"46":0},"path":"C:\\Users\\Acer\\Desktop\\Remix\\contracts\\demo\\Demo6.sol","s":{"1":0,"2":0,"3":0},"b":{},"f":{"1":0,"2":0,"3":0,"4":0,"5":0,"6":0},"fnMap":{"1":{"name":null,"line":14,"loc":{"start":{"line":14,"column":4},"end":{"line":16,"column":4}}},"2":{"name":"pay","line":22,"loc":{"start":{"line":22,"column":4},"end":{"line":24,"column":4}}},"3":{"name":"setMessage","line":27,"loc":{"start":{"line":27,"column":4},"end":{"line":29,"column":4}}},"4":{"name":"getBalance","line":36,"loc":{"start":{"line":36,"column":4},"end":{"line":39,"column":4}}},"5":{"name":"getMessage","line":41,"loc":{"start":{"line":41,"column":4},"end":{"line":43,"column":4}}},"6":{"name":"rate","line":45,"loc":{"start":{"line":45,"column":4},"end":{"line":47,"column":4}}}},"statementMap":{"1":{"start":{"line":38,"column":8},"end":{"line":38,"column":22}},"2":{"start":{"line":42,"column":8},"end":{"line":42,"column":22}},"3":{"start":{"line":46,"column":8},"end":{"line":46,"column":25}}},"branchMap":{}},
"contracts\\demo\\Demo9.sol":{"l":{"33":0,"34":0,"35":0,"37":0,"76":0,"77":0},"path":"C:\\Users\\Acer\\Desktop\\Remix\\contracts\\demo\\Demo9.sol","s":{"1":0,"2":0,"3":0},"b":{},"f":{"1":0,"2":0},"fnMap":{"1":{"name":"doWork","line":32,"loc":{"start":{"line":32,"column":4},"end":{"line":38,"column":4}}},"2":{"name":"doWork","line":75,"loc":{"start":{"line":75,"column":4},"end":{"line":79,"column":4}}}},"statementMap":{"1":{"start":{"line":33,"column":8},"end":{"line":33,"column":21}},"2":{"start":{"line":34,"column":8},"end":{"line":34,"column":774}},"3":{"start":{"line":76,"column":8},"end":{"line":76,"column":1728}}},"branchMap":{}},
"contracts\\demo\\Ext.sol":{"l":{"7":0,"14":0,"15":0,"16":0,"19":0},"path":"C:\\Users\\Acer\\Desktop\\Remix\\contracts\\demo\\Ext.sol","s":{"1":0,"2":0,"3":0,"4":0,"5":0},"b":{"1":[0,0]},"f":{"1":0,"2":0},"fnMap":{"1":{"name":"eq","line":6,"loc":{"start":{"line":6,"column":4},"end":{"line":9,"column":4}}},"2":{"name":"inArray","line":13,"loc":{"start":{"line":13,"column":4},"end":{"line":20,"column":4}}}},"statementMap":{"1":{"start":{"line":7,"column":8},"end":{"line":7,"column":73}},"2":{"start":{"line":14,"column":8},"end":{"line":14,"column":374}},"3":{"start":{"line":15,"column":12},"end":{"line":15,"column":430}},"4":{"start":{"line":16,"column":16},"end":{"line":16,"column":27}},"5":{"start":{"line":19,"column":8},"end":{"line":19,"column":20}}},"branchMap":{"1":{"line":15,"type":"if","locations":[{"start":{"line":15,"column":12},"end":{"line":15,"column":12}},{"start":{"line":15,"column":12},"end":{"line":15,"column":12}}]}}},
"contracts\\demo\\ILogger.sol":{"l":{},"path":"C:\\Users\\Acer\\Desktop\\Remix\\contracts\\demo\\ILogger.sol","s":{},"b":{},"f":{},"fnMap":{},"statementMap":{},"branchMap":{}},
"contracts\\demo\\LibDemo.sol":{"l":{"12":0,"16":0},"path":"C:\\Users\\Acer\\Desktop\\Remix\\contracts\\demo\\LibDemo.sol","s":{"1":0,"2":0},"b":{},"f":{"1":0,"2":0},"fnMap":{"1":{"name":"runnerArr","line":11,"loc":{"start":{"line":11,"column":4},"end":{"line":13,"column":4}}},"2":{"name":"runnerStr","line":15,"loc":{"start":{"line":15,"column":4},"end":{"line":19,"column":4}}}},"statementMap":{"1":{"start":{"line":12,"column":8},"end":{"line":12,"column":38}},"2":{"start":{"line":16,"column":8},"end":{"line":16,"column":28}}},"branchMap":{}},
"contracts\\demo\\Logger.sol":{"l":{"12":0,"14":0,"18":0},"path":"C:\\Users\\Acer\\Desktop\\Remix\\contracts\\demo\\Logger.sol","s":{"1":0,"2":0,"3":0},"b":{"1":[0,0]},"f":{"1":0,"2":0},"fnMap":{"1":{"name":"log","line":11,"loc":{"start":{"line":11,"column":4},"end":{"line":15,"column":4}}},"2":{"name":"getEntry","line":17,"loc":{"start":{"line":17,"column":4},"end":{"line":19,"column":4}}}},"statementMap":{"1":{"start":{"line":12,"column":8},"end":{"line":12,"column":52}},"2":{"start":{"line":14,"column":8},"end":{"line":14,"column":36}},"3":{"start":{"line":18,"column":8},"end":{"line":18,"column":38}}},"branchMap":{"1":{"line":12,"type":"if","locations":[{"start":{"line":12,"column":8},"end":{"line":12,"column":8}},{"start":{"line":12,"column":8},"end":{"line":12,"column":8}}]}}},
"contracts\\demo\\Ownable11.sol":{"l":{"10":0,"14":0,"15":0,"19":0},"path":"C:\\Users\\Acer\\Desktop\\Remix\\contracts\\demo\\Ownable11.sol","s":{"1":0,"2":0},"b":{"1":[0,0],"2":[0,0]},"f":{"1":0,"2":0,"3":0},"fnMap":{"1":{"name":"constructor","line":9,"loc":{"start":{"line":9,"column":4},"end":{"line":11,"column":4}}},"2":{"name":"onlyOwner","line":13,"loc":{"start":{"line":13,"column":4},"end":{"line":16,"column":4}}},"3":{"name":"withdraw","line":18,"loc":{"start":{"line":18,"column":4},"end":{"line":20,"column":4}}}},"statementMap":{"1":{"start":{"line":14,"column":8},"end":{"line":14,"column":52}},"2":{"start":{"line":19,"column":8},"end":{"line":19,"column":53}}},"branchMap":{"1":{"line":14,"type":"if","locations":[{"start":{"line":14,"column":8},"end":{"line":14,"column":8}},{"start":{"line":14,"column":8},"end":{"line":14,"column":8}}]},"2":{"line":18,"type":"if","locations":[{"start":{"line":18,"column":58},"end":{"line":18,"column":58}},{"start":{"line":18,"column":58},"end":{"line":18,"column":58}}]}}},
"contracts\\demo\\Payments.sol":{"l":{"22":0,"26":0,"30":0,"31":0,"33":0,"40":0},"path":"C:\\Users\\Acer\\Desktop\\Remix\\contracts\\demo\\Payments.sol","s":{"1":0,"2":0,"3":0,"4":0},"b":{},"f":{"1":0,"2":0,"3":0},"fnMap":{"1":{"name":"currentBalance","line":21,"loc":{"start":{"line":21,"column":4},"end":{"line":23,"column":4}}},"2":{"name":"getPayment","line":25,"loc":{"start":{"line":25,"column":4},"end":{"line":27,"column":4}}},"3":{"name":"pay","line":29,"loc":{"start":{"line":29,"column":4},"end":{"line":41,"column":4}}}},"statementMap":{"1":{"start":{"line":22,"column":8},"end":{"line":22,"column":36}},"2":{"start":{"line":26,"column":8},"end":{"line":26,"column":47}},"3":{"start":{"line":30,"column":8},"end":{"line":30,"column":60}},"4":{"start":{"line":33,"column":8},"end":{"line":33,"column":812}}},"branchMap":{}},
"contracts\\demo\\Tree8.sol":{"l":{"20":0,"21":0,"24":0,"25":0,"27":0,"28":0,"29":0,"35":0,"36":0,"46":0,"47":0,"48":0,"49":0,"50":0,"52":0,"54":0,"56":0,"61":0,"66":0},"path":"C:\\Users\\Acer\\Desktop\\Remix\\contracts\\demo\\Tree8.sol","s":{"1":0,"2":0,"3":0,"4":0,"5":0,"6":0,"7":0,"8":0,"9":0,"10":0,"11":0,"12":0,"13":0,"14":0},"b":{"1":[0,0]},"f":{"1":0,"2":0,"3":0,"4":0},"fnMap":{"1":{"name":"constructor","line":19,"loc":{"start":{"line":19,"column":4},"end":{"line":38,"column":4}}},"2":{"name":"verify","line":40,"loc":{"start":{"line":40,"column":4},"end":{"line":58,"column":4}}},"3":{"name":"encode","line":60,"loc":{"start":{"line":60,"column":4},"end":{"line":62,"column":4}}},"4":{"name":"makeHash","line":64,"loc":{"start":{"line":64,"column":4},"end":{"line":69,"column":4}}}},"statementMap":{"1":{"start":{"line":20,"column":8},"end":{"line":20,"column":345}},"2":{"start":{"line":21,"column":12},"end":{"line":21,"column":49}},"3":{"start":{"line":24,"column":8},"end":{"line":24,"column":40}},"4":{"start":{"line":25,"column":8},"end":{"line":25,"column":23}},"5":{"start":{"line":27,"column":8},"end":{"line":27,"column":539}},"6":{"start":{"line":28,"column":12},"end":{"line":28,"column":575}},"7":{"start":{"line":29,"column":16},"end":{"line":29,"column":636}},"8":{"start":{"line":46,"column":8},"end":{"line":46,"column":44}},"9":{"start":{"line":47,"column":8},"end":{"line":47,"column":1324}},"10":{"start":{"line":48,"column":12},"end":{"line":48,"column":38}},"11":{"start":{"line":49,"column":12},"end":{"line":49,"column":1423}},"12":{"start":{"line":56,"column":8},"end":{"line":56,"column":27}},"13":{"start":{"line":61,"column":8},"end":{"line":61,"column":38}},"14":{"start":{"line":66,"column":8},"end":{"line":66,"column":1912}}},"branchMap":{"1":{"line":49,"type":"if","locations":[{"start":{"line":49,"column":12},"end":{"line":49,"column":12}},{"start":{"line":49,"column":12},"end":{"line":49,"column":12}}]}}},
"contracts\\erc20\\Erc.sol":{"l":{},"path":"C:\\Users\\Acer\\Desktop\\Remix\\contracts\\erc20\\Erc.sol","s":{},"b":{},"f":{},"fnMap":{},"statementMap":{},"branchMap":{}},
"contracts\\erc20\\IERC20.sol":{"l":{},"path":"C:\\Users\\Acer\\Desktop\\Remix\\contracts\\erc20\\IERC20.sol","s":{},"b":{},"f":{},"fnMap":{},"statementMap":{},"branchMap":{}},
"contracts\\erc721\\ERC165.sol":{"l":{},"path":"C:\\Users\\Acer\\Desktop\\Remix\\contracts\\erc721\\ERC165.sol","s":{},"b":{},"f":{},"fnMap":{},"statementMap":{},"branchMap":{}},
"contracts\\erc721\\ERC721.sol":{"l":{},"path":"C:\\Users\\Acer\\Desktop\\Remix\\contracts\\erc721\\ERC721.sol","s":{},"b":{},"f":{},"fnMap":{},"statementMap":{},"branchMap":{}},
"contracts\\erc721\\ERC721URIStorage.sol":{"l":{},"path":"C:\\Users\\Acer\\Desktop\\Remix\\contracts\\erc721\\ERC721URIStorage.sol","s":{},"b":{},"f":{},"fnMap":{},"statementMap":{},"branchMap":{}},
"contracts\\erc721\\IERC165.sol":{"l":{},"path":"C:\\Users\\Acer\\Desktop\\Remix\\contracts\\erc721\\IERC165.sol","s":{},"b":{},"f":{},"fnMap":{},"statementMap":{},"branchMap":{}},
"contracts\\erc721\\IERC721.sol":{"l":{},"path":"C:\\Users\\Acer\\Desktop\\Remix\\contracts\\erc721\\IERC721.sol","s":{},"b":{},"f":{},"fnMap":{},"statementMap":{},"branchMap":{}},
"contracts\\erc721\\IERC721Metadata.sol":{"l":{},"path":"C:\\Users\\Acer\\Desktop\\Remix\\contracts\\erc721\\IERC721Metadata.sol","s":{},"b":{},"f":{},"fnMap":{},"statementMap":{},"branchMap":{}},
"contracts\\erc721\\IERC721Receiver.sol":{"l":{},"path":"C:\\Users\\Acer\\Desktop\\Remix\\contracts\\erc721\\IERC721Receiver.sol","s":{},"b":{},"f":{},"fnMap":{},"statementMap":{},"branchMap":{}},
"contracts\\erc721\\Strings.sol":{"l":{},"path":"C:\\Users\\Acer\\Desktop\\Remix\\contracts\\erc721\\Strings.sol","s":{},"b":{},"f":{},"fnMap":{},"statementMap":{},"branchMap":{}}}
