TN:
SF:C:\Users\Acer\Desktop\Remix\contracts\auction\AuctionDanishEngine.sol
FN:33,constructor
FN:35,buy
FN:62,withdrawFees
FN:73,createAuction
FN:99,cancelAuction
FN:112,setStartingPriceLimits
FN:121,pause
FN:125,unpause
FN:129,getPriceFor
FN:137,_requireNotStopped
FNF:10
FNH:0
FNDA:0,constructor
FNDA:0,buy
FNDA:0,withdrawFees
FNDA:0,createAuction
FNDA:0,cancelAuction
FNDA:0,setStartingPriceLimits
FNDA:0,pause
FNDA:0,unpause
FNDA:0,getPriceFor
FNDA:0,_requireNotStopped
DA:36,0
DA:37,0
DA:38,0
DA:39,0
DA:42,0
DA:43,0
DA:44,0
DA:47,0
DA:48,0
DA:49,0
DA:50,0
DA:51,0
DA:52,0
DA:53,0
DA:55,0
DA:59,0
DA:63,0
DA:64,0
DA:66,0
DA:67,0
DA:68,0
DA:70,0
DA:74,0
DA:75,0
DA:76,0
DA:79,0
DA:80,0
DA:83,0
DA:94,0
DA:96,0
DA:100,0
DA:102,0
DA:103,0
DA:104,0
DA:106,0
DA:107,0
DA:109,0
DA:113,0
DA:115,0
DA:116,0
DA:118,0
DA:122,0
DA:126,0
DA:130,0
DA:131,0
DA:132,0
DA:133,0
DA:134,0
DA:138,0
DA:139,0
LF:50
LH:0
BRDA:35,1,0,0
BRDA:35,1,1,0
BRDA:38,2,0,0
BRDA:38,2,1,0
BRDA:43,3,0,0
BRDA:43,3,1,0
BRDA:52,4,0,0
BRDA:52,4,1,0
BRDA:62,5,0,0
BRDA:62,5,1,0
BRDA:64,6,0,0
BRDA:64,6,1,0
BRDA:68,7,0,0
BRDA:68,7,1,0
BRDA:73,8,0,0
BRDA:73,8,1,0
BRDA:74,9,0,0
BRDA:74,9,1,0
BRDA:75,10,0,0
BRDA:75,10,1,0
BRDA:79,11,0,0
BRDA:79,11,1,0
BRDA:79,12,0,0
BRDA:79,12,1,0
BRDA:102,13,0,0
BRDA:102,13,1,0
BRDA:103,14,0,0
BRDA:103,14,1,0
BRDA:104,15,0,0
BRDA:104,15,1,0
BRDA:112,16,0,0
BRDA:112,16,1,0
BRDA:113,17,0,0
BRDA:113,17,1,0
BRDA:121,18,0,0
BRDA:121,18,1,0
BRDA:125,19,0,0
BRDA:125,19,1,0
BRDA:138,20,0,0
BRDA:138,20,1,0
BRF:40
BRH:0
end_of_record
TN:
SF:C:\Users\Acer\Desktop\Remix\contracts\auction\IAuctionDanishEngine.sol
FNF:0
FNH:0
LF:0
LH:0
BRF:0
BRH:0
end_of_record
TN:
SF:C:\Users\Acer\Desktop\Remix\contracts\demo\Basic.sol
FN:9,constructor
FN:13,payForItem
FN:18,withdrawAll
FNF:3
FNH:0
FNDA:0,constructor
FNDA:0,payForItem
FNDA:0,withdrawAll
DA:10,0
DA:15,0
DA:19,0
DA:20,0
DA:22,0
LF:5
LH:0
BRF:0
BRH:0
end_of_record
TN:
SF:C:\Users\Acer\Desktop\Remix\contracts\demo\Demo_2.sol
FN:8,inc
FNF:1
FNH:0
FNDA:0,inc
DA:9,0
DA:10,0
LF:2
LH:0
BRF:0
BRH:0
end_of_record
TN:
SF:C:\Users\Acer\Desktop\Remix\contracts\demo\Demo_3.sol
FN:11,receiveFunds
FN:15,transferTo
FN:19,getBalance
FN:25,demo
FNF:4
FNH:0
FNDA:0,receiveFunds
FNDA:0,transferTo
FNDA:0,getBalance
FNDA:0,demo
DA:12,0
DA:16,0
DA:17,0
DA:20,0
DA:26,0
DA:27,0
LF:6
LH:0
BRF:0
BRH:0
end_of_record
TN:
SF:C:\Users\Acer\Desktop\Remix\contracts\demo\Demo_4.sol
FN:22,getPayment
FN:26,pay
FNF:2
FNH:0
FNDA:0,getPayment
FNDA:0,pay
DA:23,0
DA:27,0
DA:28,0
DA:30,0
DA:37,0
LF:5
LH:0
BRF:0
BRH:0
end_of_record
TN:
SF:C:\Users\Acer\Desktop\Remix\contracts\demo\Demo_7.sol
FN:13,constructor
FN:21,pay
FN:25,onlyOwner
FN:32,withdraw
FNF:4
FNH:0
FNDA:0,constructor
FNDA:0,pay
FNDA:0,onlyOwner
FNDA:0,withdraw
DA:14,0
DA:18,0
DA:22,0
DA:26,0
DA:27,0
DA:28,0
DA:40,0
LF:7
LH:0
BRDA:26,1,0,0
BRDA:26,1,1,0
BRDA:27,2,0,0
BRDA:27,2,1,0
BRDA:32,3,0,0
BRDA:32,3,1,0
BRF:6
BRH:0
end_of_record
TN:
SF:C:\Users\Acer\Desktop\Remix\contracts\demo\Demo1.sol
FN:11,constructor
FN:15,payForItem
FN:19,withdrawAll
FNF:3
FNH:0
FNDA:0,constructor
FNDA:0,payForItem
FNDA:0,withdrawAll
DA:12,0
DA:16,0
DA:20,0
DA:21,0
DA:22,0
LF:5
LH:0
BRF:0
BRH:0
end_of_record
TN:
SF:C:\Users\Acer\Desktop\Remix\contracts\demo\Demo11 copy.sol
FN:8,getBalance
FN:12,withdraw
FN:21,constructor
FN:24,withdraw
FNF:4
FNH:0
FNDA:0,getBalance
FNDA:0,withdraw
FNDA:0,constructor
FNDA:0,withdraw
DA:9,0
DA:13,0
DA:22,0
DA:25,0
DA:26,0
LF:5
LH:0
BRDA:8,1,0,0
BRDA:8,1,1,0
BRDA:12,2,0,0
BRDA:12,2,1,0
BRDA:24,3,0,0
BRDA:24,3,1,0
BRDA:25,4,0,0
BRDA:25,4,1,0
BRF:8
BRH:0
end_of_record
TN:
SF:C:\Users\Acer\Desktop\Remix\contracts\demo\Demo11.sol
FN:8,getBalance
FN:12,withdraw
FN:21,constructor
FN:24,withdraw
FNF:4
FNH:0
FNDA:0,getBalance
FNDA:0,withdraw
FNDA:0,constructor
FNDA:0,withdraw
DA:9,0
DA:13,0
DA:22,0
DA:25,0
DA:26,0
LF:5
LH:0
BRDA:8,1,0,0
BRDA:8,1,1,0
BRDA:12,2,0,0
BRDA:12,2,1,0
BRDA:24,3,0,0
BRDA:24,3,1,0
BRDA:25,4,0,0
BRDA:25,4,1,0
BRF:8
BRH:0
end_of_record
TN:
SF:C:\Users\Acer\Desktop\Remix\contracts\demo\Demo12.sol
FN:11,constructor
FN:15,payments
FNF:2
FNH:0
FNDA:0,constructor
FNDA:0,payments
DA:12,0
DA:16,0
DA:20,0
LF:3
LH:0
BRF:0
BRH:0
end_of_record
TN:
SF:C:\Users\Acer\Desktop\Remix\contracts\demo\Demo6.sol
FN:14,
FN:22,pay
FN:27,setMessage
FN:36,getBalance
FN:41,getMessage
FN:45,rate
FNF:6
FNH:0
FNDA:0,
FNDA:0,pay
FNDA:0,setMessage
FNDA:0,getBalance
FNDA:0,getMessage
FNDA:0,rate
DA:23,0
DA:28,0
DA:37,0
DA:38,0
DA:42,0
DA:46,0
LF:6
LH:0
BRF:0
BRH:0
end_of_record
TN:
SF:C:\Users\Acer\Desktop\Remix\contracts\demo\Demo9.sol
FN:32,doWork
FN:75,doWork
FNF:2
FNH:0
FNDA:0,doWork
FNDA:0,doWork
DA:33,0
DA:34,0
DA:35,0
DA:37,0
DA:76,0
DA:77,0
LF:6
LH:0
BRF:0
BRH:0
end_of_record
TN:
SF:C:\Users\Acer\Desktop\Remix\contracts\demo\Ext.sol
FN:6,eq
FN:13,inArray
FNF:2
FNH:0
FNDA:0,eq
FNDA:0,inArray
DA:7,0
DA:14,0
DA:15,0
DA:16,0
DA:19,0
LF:5
LH:0
BRDA:15,1,0,0
BRDA:15,1,1,0
BRF:2
BRH:0
end_of_record
TN:
SF:C:\Users\Acer\Desktop\Remix\contracts\demo\ILogger.sol
FNF:0
FNH:0
LF:0
LH:0
BRF:0
BRH:0
end_of_record
TN:
SF:C:\Users\Acer\Desktop\Remix\contracts\demo\LibDemo.sol
FN:11,runnerArr
FN:15,runnerStr
FNF:2
FNH:0
FNDA:0,runnerArr
FNDA:0,runnerStr
DA:12,0
DA:16,0
LF:2
LH:0
BRF:0
BRH:0
end_of_record
TN:
SF:C:\Users\Acer\Desktop\Remix\contracts\demo\Logger.sol
FN:11,log
FN:17,getEntry
FNF:2
FNH:0
FNDA:0,log
FNDA:0,getEntry
DA:12,0
DA:14,0
DA:18,0
LF:3
LH:0
BRDA:12,1,0,0
BRDA:12,1,1,0
BRF:2
BRH:0
end_of_record
TN:
SF:C:\Users\Acer\Desktop\Remix\contracts\demo\Ownable11.sol
FN:9,constructor
FN:13,onlyOwner
FN:18,withdraw
FNF:3
FNH:0
FNDA:0,constructor
FNDA:0,onlyOwner
FNDA:0,withdraw
DA:10,0
DA:14,0
DA:15,0
DA:19,0
LF:4
LH:0
BRDA:14,1,0,0
BRDA:14,1,1,0
BRDA:18,2,0,0
BRDA:18,2,1,0
BRF:4
BRH:0
end_of_record
TN:
SF:C:\Users\Acer\Desktop\Remix\contracts\demo\Payments.sol
FN:21,currentBalance
FN:25,getPayment
FN:29,pay
FNF:3
FNH:0
FNDA:0,currentBalance
FNDA:0,getPayment
FNDA:0,pay
DA:22,0
DA:26,0
DA:30,0
DA:31,0
DA:33,0
DA:40,0
LF:6
LH:0
BRF:0
BRH:0
end_of_record
TN:
SF:C:\Users\Acer\Desktop\Remix\contracts\demo\Tree8.sol
FN:19,constructor
FN:40,verify
FN:60,encode
FN:64,makeHash
FNF:4
FNH:0
FNDA:0,constructor
FNDA:0,verify
FNDA:0,encode
FNDA:0,makeHash
DA:20,0
DA:21,0
DA:24,0
DA:25,0
DA:27,0
DA:28,0
DA:29,0
DA:35,0
DA:36,0
DA:46,0
DA:47,0
DA:48,0
DA:49,0
DA:50,0
DA:52,0
DA:54,0
DA:56,0
DA:61,0
DA:66,0
LF:19
LH:0
BRDA:49,1,0,0
BRDA:49,1,1,0
BRF:2
BRH:0
end_of_record
TN:
SF:C:\Users\Acer\Desktop\Remix\contracts\erc20\Erc.sol
FNF:0
FNH:0
LF:0
LH:0
BRF:0
BRH:0
end_of_record
TN:
SF:C:\Users\Acer\Desktop\Remix\contracts\erc20\IERC20.sol
FNF:0
FNH:0
LF:0
LH:0
BRF:0
BRH:0
end_of_record
TN:
SF:C:\Users\Acer\Desktop\Remix\contracts\erc721\ERC165.sol
FNF:0
FNH:0
LF:0
LH:0
BRF:0
BRH:0
end_of_record
TN:
SF:C:\Users\Acer\Desktop\Remix\contracts\erc721\ERC721.sol
FNF:0
FNH:0
LF:0
LH:0
BRF:0
BRH:0
end_of_record
TN:
SF:C:\Users\Acer\Desktop\Remix\contracts\erc721\ERC721URIStorage.sol
FNF:0
FNH:0
LF:0
LH:0
BRF:0
BRH:0
end_of_record
TN:
SF:C:\Users\Acer\Desktop\Remix\contracts\erc721\IERC165.sol
FNF:0
FNH:0
LF:0
LH:0
BRF:0
BRH:0
end_of_record
TN:
SF:C:\Users\Acer\Desktop\Remix\contracts\erc721\IERC721.sol
FNF:0
FNH:0
LF:0
LH:0
BRF:0
BRH:0
end_of_record
TN:
SF:C:\Users\Acer\Desktop\Remix\contracts\erc721\IERC721Metadata.sol
FNF:0
FNH:0
LF:0
LH:0
BRF:0
BRH:0
end_of_record
TN:
SF:C:\Users\Acer\Desktop\Remix\contracts\erc721\IERC721Receiver.sol
FNF:0
FNH:0
LF:0
LH:0
BRF:0
BRH:0
end_of_record
TN:
SF:C:\Users\Acer\Desktop\Remix\contracts\erc721\Strings.sol
FNF:0
FNH:0
LF:0
LH:0
BRF:0
BRH:0
end_of_record
